[2023-06-29 08:08:16,819->IMPORT_TO_OMERO.py-><module>():195]INFO: Logger has been created
[2023-06-29 08:08:16,819->IMPORT_TO_OMERO.py->main():160]INFO: Start importing to OMERO
[2023-06-29 08:09:03,611->IMPORT_TO_OMERO.py-><module>():195]INFO: Logger has been created
[2023-06-29 08:09:03,611->IMPORT_TO_OMERO.py->main():160]INFO: Start importing to OMERO
[2023-06-29 08:09:04,488->IMPORT_TO_OMERO.py->GET_IMAGE_INFO():20]INFO: Connecting to database
[2023-06-29 08:09:05,300->IMPORT_TO_OMERO.py->GET_IMAGE_INFO():52]INFO: Process file fundus2_A-13671_OD1 08-17-18.699 06-21-23-1.tif
[2023-06-29 08:09:05,301->IMPORT_TO_OMERO.py->GET_IMAGE_INFO():54]DEBUG: Get metadata of image associated with animal A-13671
[2023-06-29 08:09:05,440->IMPORT_TO_OMERO.py->GET_IMAGE_INFO():52]INFO: Process file fundus2_A-13723_OD 08-07-44.366 06-21-23-1.tif
[2023-06-29 08:09:05,441->IMPORT_TO_OMERO.py->GET_IMAGE_INFO():54]DEBUG: Get metadata of image associated with animal A-13723
[2023-06-29 08:09:05,534->IMPORT_TO_OMERO.py->GET_IMAGE_INFO():52]INFO: Process file fundus2_A-13723_OD1 08-08-03.632 06-21-23-1.tif
[2023-06-29 08:09:05,534->IMPORT_TO_OMERO.py->GET_IMAGE_INFO():54]DEBUG: Get metadata of image associated with animal A-13723
[2023-06-29 08:09:05,627->IMPORT_TO_OMERO.py->GET_IMAGE_INFO():52]INFO: Process file fundus2_A-14285_OS 07-45-51.758 06-21-23-1.tif
[2023-06-29 08:09:05,627->IMPORT_TO_OMERO.py->GET_IMAGE_INFO():54]DEBUG: Get metadata of image associated with animal A-14285
[2023-06-29 08:09:05,721->IMPORT_TO_OMERO.py->GET_IMAGE_INFO():52]INFO: Process file fundus2_A-13671_OS1 08-23-31.526 06-21-23-1.tif
[2023-06-29 08:09:05,722->IMPORT_TO_OMERO.py->GET_IMAGE_INFO():54]DEBUG: Get metadata of image associated with animal A-13671
[2023-06-29 08:09:05,814->IMPORT_TO_OMERO.py->GET_IMAGE_INFO():52]INFO: Process file fundus2_A-13671_OD 08-17-02.382 06-21-23-1.tif
[2023-06-29 08:09:05,814->IMPORT_TO_OMERO.py->GET_IMAGE_INFO():54]DEBUG: Get metadata of image associated with animal A-13671
[2023-06-29 08:09:05,911->IMPORT_TO_OMERO.py->GET_IMAGE_INFO():52]INFO: Process file fundus2_A-14285_OS1 07-46-49.385 06-21-23-1.tif
[2023-06-29 08:09:05,912->IMPORT_TO_OMERO.py->GET_IMAGE_INFO():54]DEBUG: Get metadata of image associated with animal A-14285
[2023-06-29 08:09:06,011->IMPORT_TO_OMERO.py->GET_IMAGE_INFO():52]INFO: Process file fundus2_A-14285_OS2 07-47-09.930 06-21-23-1.tif
[2023-06-29 08:09:06,013->IMPORT_TO_OMERO.py->GET_IMAGE_INFO():54]DEBUG: Get metadata of image associated with animal A-14285
[2023-06-29 08:09:06,108->IMPORT_TO_OMERO.py->GET_IMAGE_INFO():52]INFO: Process file fundus2_A-14289_OD1 07-54-18.964 06-21-23-1.tif
[2023-06-29 08:09:06,108->IMPORT_TO_OMERO.py->GET_IMAGE_INFO():54]DEBUG: Get metadata of image associated with animal A-14289
[2023-06-29 08:09:06,200->IMPORT_TO_OMERO.py->GET_IMAGE_INFO():52]INFO: Process file fundus2_A-13671_OS 08-22-50.092 06-21-23-1.tif
[2023-06-29 08:09:06,200->IMPORT_TO_OMERO.py->GET_IMAGE_INFO():54]DEBUG: Get metadata of image associated with animal A-13671
[2023-06-29 08:09:06,294->IMPORT_TO_OMERO.py->GET_IMAGE_INFO():52]INFO: Process file fundus2_A-14289_OD 07-53-55.143 06-21-23-1.tif
[2023-06-29 08:09:06,295->IMPORT_TO_OMERO.py->GET_IMAGE_INFO():54]DEBUG: Get metadata of image associated with animal A-14289
[2023-06-29 08:09:06,389->IMPORT_TO_OMERO.py->GET_IMAGE_INFO():52]INFO: Process file fundus2_A-13671_OS2 08-23-49.123 06-21-23-1.tif
[2023-06-29 08:09:06,389->IMPORT_TO_OMERO.py->GET_IMAGE_INFO():54]DEBUG: Get metadata of image associated with animal A-13671
[2023-06-29 08:09:06,484->IMPORT_TO_OMERO.py->GET_IMAGE_INFO():52]INFO: Process file fundus2_A-13723_OD2 08-08-40.464 06-21-23-1.tif
[2023-06-29 08:09:06,484->IMPORT_TO_OMERO.py->GET_IMAGE_INFO():54]DEBUG: Get metadata of image associated with animal A-13723
[2023-06-29 08:09:06,578->IMPORT_TO_OMERO.py->GET_IMAGE_INFO():52]INFO: Process file fundus2_A-13637_OD1 08-01-31.290 06-21-23-1.tif
[2023-06-29 08:09:06,578->IMPORT_TO_OMERO.py->GET_IMAGE_INFO():54]DEBUG: Get metadata of image associated with animal A-13637
[2023-06-29 08:09:06,672->IMPORT_TO_OMERO.py->GET_IMAGE_INFO():52]INFO: Process file farraa_20230621.xlsx
[2023-06-29 08:09:06,672->IMPORT_TO_OMERO.py->GET_IMAGE_INFO():54]DEBUG: Get metadata of image associated with animal 20230621.xlsx
[2023-06-29 08:09:06,757->IMPORT_TO_OMERO.py->GET_IMAGE_INFO():52]INFO: Process file fundus2_A-13637_OD 08-01-12.788 06-21-23-1.tif
[2023-06-29 08:09:06,757->IMPORT_TO_OMERO.py->GET_IMAGE_INFO():54]DEBUG: Get metadata of image associated with animal A-13637
[2023-06-29 08:09:06,904->IMPORT_TO_OMERO.py->generate_submission_form():102]DEBUG: Generating form farraa_20230621.xlsx
[2023-06-29 08:09:08,992->IMPORT_TO_OMERO.py->send_to():119]DEBUG: Send farraa_20230621.xlsx to /Volumes/phenotype/OMERO/KOMP/ImagesToBeImportedIntoOmero/farraa_20230621
[2023-06-29 08:09:11,113->IMPORT_TO_OMERO.py->process():149]DEBUG: Drop folder /Volumes/phenotype/OMERO/KOMP/ImagesToBeImportedIntoOmero/farraa_20230621 to OMERO Dropbox
[2023-06-29 08:27:47,147->IMPORT_TO_OMERO.py-><module>():195]INFO: Logger has been created
[2023-06-29 08:27:47,148->IMPORT_TO_OMERO.py->main():160]INFO: Start importing to OMERO
[2023-06-29 08:27:48,182->IMPORT_TO_OMERO.py->GET_IMAGE_INFO():20]INFO: Connecting to database
[2023-06-29 08:27:48,999->IMPORT_TO_OMERO.py->GET_IMAGE_INFO():52]INFO: Process file fundus2_A-13671_OD1 08-17-18.699 06-21-23-1.tif
[2023-06-29 08:27:48,999->IMPORT_TO_OMERO.py->GET_IMAGE_INFO():54]DEBUG: Get metadata of image associated with animal A-13671
[2023-06-29 08:27:49,120->IMPORT_TO_OMERO.py->GET_IMAGE_INFO():52]INFO: Process file fundus2_A-13723_OD 08-07-44.366 06-21-23-1.tif
[2023-06-29 08:27:49,121->IMPORT_TO_OMERO.py->GET_IMAGE_INFO():54]DEBUG: Get metadata of image associated with animal A-13723
[2023-06-29 08:27:49,222->IMPORT_TO_OMERO.py->GET_IMAGE_INFO():52]INFO: Process file fundus2_A-13723_OD1 08-08-03.632 06-21-23-1.tif
[2023-06-29 08:27:49,222->IMPORT_TO_OMERO.py->GET_IMAGE_INFO():54]DEBUG: Get metadata of image associated with animal A-13723
[2023-06-29 08:27:49,316->IMPORT_TO_OMERO.py->GET_IMAGE_INFO():52]INFO: Process file fundus2_A-14285_OS 07-45-51.758 06-21-23-1.tif
[2023-06-29 08:27:49,317->IMPORT_TO_OMERO.py->GET_IMAGE_INFO():54]DEBUG: Get metadata of image associated with animal A-14285
[2023-06-29 08:27:49,417->IMPORT_TO_OMERO.py->GET_IMAGE_INFO():52]INFO: Process file fundus2_A-13671_OS1 08-23-31.526 06-21-23-1.tif
[2023-06-29 08:27:49,418->IMPORT_TO_OMERO.py->GET_IMAGE_INFO():54]DEBUG: Get metadata of image associated with animal A-13671
[2023-06-29 08:27:49,514->IMPORT_TO_OMERO.py->GET_IMAGE_INFO():52]INFO: Process file fundus2_A-13671_OD 08-17-02.382 06-21-23-1.tif
[2023-06-29 08:27:49,515->IMPORT_TO_OMERO.py->GET_IMAGE_INFO():54]DEBUG: Get metadata of image associated with animal A-13671
[2023-06-29 08:27:49,608->IMPORT_TO_OMERO.py->GET_IMAGE_INFO():52]INFO: Process file fundus2_A-14285_OS1 07-46-49.385 06-21-23-1.tif
[2023-06-29 08:27:49,608->IMPORT_TO_OMERO.py->GET_IMAGE_INFO():54]DEBUG: Get metadata of image associated with animal A-14285
[2023-06-29 08:27:49,702->IMPORT_TO_OMERO.py->GET_IMAGE_INFO():52]INFO: Process file fundus2_A-14285_OS2 07-47-09.930 06-21-23-1.tif
[2023-06-29 08:27:49,703->IMPORT_TO_OMERO.py->GET_IMAGE_INFO():54]DEBUG: Get metadata of image associated with animal A-14285
[2023-06-29 08:27:49,797->IMPORT_TO_OMERO.py->GET_IMAGE_INFO():52]INFO: Process file fundus2_A-14289_OD1 07-54-18.964 06-21-23-1.tif
[2023-06-29 08:27:49,798->IMPORT_TO_OMERO.py->GET_IMAGE_INFO():54]DEBUG: Get metadata of image associated with animal A-14289
[2023-06-29 08:27:49,891->IMPORT_TO_OMERO.py->GET_IMAGE_INFO():52]INFO: Process file fundus2_A-13671_OS 08-22-50.092 06-21-23-1.tif
[2023-06-29 08:27:49,892->IMPORT_TO_OMERO.py->GET_IMAGE_INFO():54]DEBUG: Get metadata of image associated with animal A-13671
[2023-06-29 08:27:49,986->IMPORT_TO_OMERO.py->GET_IMAGE_INFO():52]INFO: Process file fundus2_A-14289_OD 07-53-55.143 06-21-23-1.tif
[2023-06-29 08:27:49,986->IMPORT_TO_OMERO.py->GET_IMAGE_INFO():54]DEBUG: Get metadata of image associated with animal A-14289
[2023-06-29 08:27:50,079->IMPORT_TO_OMERO.py->GET_IMAGE_INFO():52]INFO: Process file fundus2_A-13671_OS2 08-23-49.123 06-21-23-1.tif
[2023-06-29 08:27:50,080->IMPORT_TO_OMERO.py->GET_IMAGE_INFO():54]DEBUG: Get metadata of image associated with animal A-13671
[2023-06-29 08:27:50,174->IMPORT_TO_OMERO.py->GET_IMAGE_INFO():52]INFO: Process file fundus2_A-13723_OD2 08-08-40.464 06-21-23-1.tif
[2023-06-29 08:27:50,174->IMPORT_TO_OMERO.py->GET_IMAGE_INFO():54]DEBUG: Get metadata of image associated with animal A-13723
[2023-06-29 08:27:50,273->IMPORT_TO_OMERO.py->GET_IMAGE_INFO():52]INFO: Process file fundus2_A-13637_OD1 08-01-31.290 06-21-23-1.tif
[2023-06-29 08:27:50,273->IMPORT_TO_OMERO.py->GET_IMAGE_INFO():54]DEBUG: Get metadata of image associated with animal A-13637
[2023-06-29 08:27:50,365->IMPORT_TO_OMERO.py->GET_IMAGE_INFO():52]INFO: Process file farraa_20230621.xlsx
[2023-06-29 08:27:50,366->IMPORT_TO_OMERO.py->GET_IMAGE_INFO():54]DEBUG: Get metadata of image associated with animal 20230621.xlsx
[2023-06-29 08:27:50,452->IMPORT_TO_OMERO.py->GET_IMAGE_INFO():52]INFO: Process file fundus2_A-13637_OD 08-01-12.788 06-21-23-1.tif
[2023-06-29 08:27:50,452->IMPORT_TO_OMERO.py->GET_IMAGE_INFO():54]DEBUG: Get metadata of image associated with animal A-13637
[2023-06-29 08:27:50,596->IMPORT_TO_OMERO.py->generate_submission_form():102]DEBUG: Generating form farraa_20230621.xlsx
[2023-06-29 08:27:51,847->IMPORT_TO_OMERO.py->send_to():119]DEBUG: Send farraa_20230621.xlsx to /Volumes/phenotype/OMERO/KOMP/ImagesToBeImportedIntoOmero/farraa_20230621
[2023-06-29 08:27:53,899->IMPORT_TO_OMERO.py->process():149]DEBUG: Drop folder /Volumes/phenotype/OMERO/KOMP/ImagesToBeImportedIntoOmero/farraa_20230621 to OMERO Dropbox
[2023-06-29 09:16:25,596->IMPORT_TO_OMERO.py-><module>():195]INFO: Logger has been created
[2023-06-29 09:16:25,597->IMPORT_TO_OMERO.py->main():160]INFO: Start importing to OMERO
[2023-06-29 09:16:26,542->IMPORT_TO_OMERO.py->GET_IMAGE_INFO():20]INFO: Connecting to database
[2023-06-29 09:16:27,344->IMPORT_TO_OMERO.py->GET_IMAGE_INFO():52]INFO: Process file fundus2_A-13671_OD1 08-17-18.699 06-21-23-1.tif
[2023-06-29 09:16:27,345->IMPORT_TO_OMERO.py->GET_IMAGE_INFO():54]DEBUG: Get metadata of image associated with animal A-13671
[2023-06-29 09:16:27,486->IMPORT_TO_OMERO.py->GET_IMAGE_INFO():52]INFO: Process file fundus2_A-13723_OD 08-07-44.366 06-21-23-1.tif
[2023-06-29 09:16:27,487->IMPORT_TO_OMERO.py->GET_IMAGE_INFO():54]DEBUG: Get metadata of image associated with animal A-13723
[2023-06-29 09:16:27,579->IMPORT_TO_OMERO.py->GET_IMAGE_INFO():52]INFO: Process file fundus2_A-13723_OD1 08-08-03.632 06-21-23-1.tif
[2023-06-29 09:16:27,579->IMPORT_TO_OMERO.py->GET_IMAGE_INFO():54]DEBUG: Get metadata of image associated with animal A-13723
[2023-06-29 09:16:27,670->IMPORT_TO_OMERO.py->GET_IMAGE_INFO():52]INFO: Process file fundus2_A-14285_OS 07-45-51.758 06-21-23-1.tif
[2023-06-29 09:16:27,670->IMPORT_TO_OMERO.py->GET_IMAGE_INFO():54]DEBUG: Get metadata of image associated with animal A-14285
[2023-06-29 09:16:27,765->IMPORT_TO_OMERO.py->GET_IMAGE_INFO():52]INFO: Process file fundus2_A-13671_OS1 08-23-31.526 06-21-23-1.tif
[2023-06-29 09:16:27,765->IMPORT_TO_OMERO.py->GET_IMAGE_INFO():54]DEBUG: Get metadata of image associated with animal A-13671
[2023-06-29 09:16:27,857->IMPORT_TO_OMERO.py->GET_IMAGE_INFO():52]INFO: Process file fundus2_A-13671_OD 08-17-02.382 06-21-23-1.tif
[2023-06-29 09:16:27,857->IMPORT_TO_OMERO.py->GET_IMAGE_INFO():54]DEBUG: Get metadata of image associated with animal A-13671
[2023-06-29 09:16:27,950->IMPORT_TO_OMERO.py->GET_IMAGE_INFO():52]INFO: Process file fundus2_A-14285_OS1 07-46-49.385 06-21-23-1.tif
[2023-06-29 09:16:27,950->IMPORT_TO_OMERO.py->GET_IMAGE_INFO():54]DEBUG: Get metadata of image associated with animal A-14285
[2023-06-29 09:16:28,045->IMPORT_TO_OMERO.py->GET_IMAGE_INFO():52]INFO: Process file fundus2_A-14285_OS2 07-47-09.930 06-21-23-1.tif
[2023-06-29 09:16:28,045->IMPORT_TO_OMERO.py->GET_IMAGE_INFO():54]DEBUG: Get metadata of image associated with animal A-14285
[2023-06-29 09:16:28,146->IMPORT_TO_OMERO.py->GET_IMAGE_INFO():52]INFO: Process file fundus2_A-14289_OD1 07-54-18.964 06-21-23-1.tif
[2023-06-29 09:16:28,147->IMPORT_TO_OMERO.py->GET_IMAGE_INFO():54]DEBUG: Get metadata of image associated with animal A-14289
[2023-06-29 09:16:28,246->IMPORT_TO_OMERO.py->GET_IMAGE_INFO():52]INFO: Process file fundus2_A-13671_OS 08-22-50.092 06-21-23-1.tif
[2023-06-29 09:16:28,246->IMPORT_TO_OMERO.py->GET_IMAGE_INFO():54]DEBUG: Get metadata of image associated with animal A-13671
[2023-06-29 09:16:28,340->IMPORT_TO_OMERO.py->GET_IMAGE_INFO():52]INFO: Process file fundus2_A-14289_OD 07-53-55.143 06-21-23-1.tif
[2023-06-29 09:16:28,341->IMPORT_TO_OMERO.py->GET_IMAGE_INFO():54]DEBUG: Get metadata of image associated with animal A-14289
[2023-06-29 09:16:28,437->IMPORT_TO_OMERO.py->GET_IMAGE_INFO():52]INFO: Process file fundus2_A-13671_OS2 08-23-49.123 06-21-23-1.tif
[2023-06-29 09:16:28,438->IMPORT_TO_OMERO.py->GET_IMAGE_INFO():54]DEBUG: Get metadata of image associated with animal A-13671
[2023-06-29 09:16:28,532->IMPORT_TO_OMERO.py->GET_IMAGE_INFO():52]INFO: Process file fundus2_A-13723_OD2 08-08-40.464 06-21-23-1.tif
[2023-06-29 09:16:28,532->IMPORT_TO_OMERO.py->GET_IMAGE_INFO():54]DEBUG: Get metadata of image associated with animal A-13723
[2023-06-29 09:16:28,627->IMPORT_TO_OMERO.py->GET_IMAGE_INFO():52]INFO: Process file fundus2_A-13637_OD1 08-01-31.290 06-21-23-1.tif
[2023-06-29 09:16:28,628->IMPORT_TO_OMERO.py->GET_IMAGE_INFO():54]DEBUG: Get metadata of image associated with animal A-13637
[2023-06-29 09:16:28,721->IMPORT_TO_OMERO.py->GET_IMAGE_INFO():52]INFO: Process file farraa_20230621.xlsx
[2023-06-29 09:16:28,722->IMPORT_TO_OMERO.py->GET_IMAGE_INFO():54]DEBUG: Get metadata of image associated with animal 20230621.xlsx
[2023-06-29 09:16:28,806->IMPORT_TO_OMERO.py->GET_IMAGE_INFO():52]INFO: Process file fundus2_A-13637_OD 08-01-12.788 06-21-23-1.tif
[2023-06-29 09:16:28,806->IMPORT_TO_OMERO.py->GET_IMAGE_INFO():54]DEBUG: Get metadata of image associated with animal A-13637
[2023-06-29 09:16:39,997->IMPORT_TO_OMERO.py->generate_submission_form():102]DEBUG: Generating form farraa_20230621.xlsx
[2023-06-29 09:16:54,372->IMPORT_TO_OMERO.py->send_to():119]DEBUG: Send farraa_20230621.xlsx to /Volumes/phenotype/OMERO/KOMP/ImagesToBeImportedIntoOmero/farraa_20230621
[2023-06-29 09:17:02,780->IMPORT_TO_OMERO.py->process():149]DEBUG: Drop folder /Volumes/phenotype/OMERO/KOMP/ImagesToBeImportedIntoOmero/farraa_20230621 to OMERO Dropbox
